<?xml version="1.0" encoding="UTF-8"?>
<!-- Generated by org.testng.reporters.JUnitReportReporter -->
<testsuite name="com.web.tests.webtestcases.ifusion.HealthCheck" tests="2" time="53.410" ignored="2" failures="0" timestamp="01 Nov 2017 06:55:36 GMT" skipped="0" hostname="IM-LP-719" errors="0">
  <testcase name="IPPingAndValiadte" time="27.172" classname="com.web.tests.webtestcases.ifusion.HealthCheck"/>
  <testcase name="IPTraceAndValiadte" time="26.238" classname="com.web.tests.webtestcases.ifusion.HealthCheck"/>
  <testcase name="IPPingAndValiadte" classname="com.web.tests.webtestcases.ifusion.HealthCheck">
    <skipped/>
  </testcase> <!-- IPPingAndValiadte -->
  <testcase name="IPTraceAndValiadte" classname="com.web.tests.webtestcases.ifusion.HealthCheck">
    <skipped/>
  </testcase> <!-- IPTraceAndValiadte -->
</testsuite> <!-- com.web.tests.webtestcases.ifusion.HealthCheck -->
