<?xml version="1.0" encoding="UTF-8"?>
<!-- Generated by org.testng.reporters.JUnitReportReporter -->
<testsuite name="com.web.tests.webtestcases.ifusion.HealthCheckTracert" tests="1" time="25.810" ignored="0" failures="0" timestamp="26 Oct 2017 08:29:23 GMT" skipped="0" hostname="IM-LP-719" errors="0">
  <testcase name="IPTraceAndValiadte" time="25.810" classname="com.web.tests.webtestcases.ifusion.HealthCheckTracert"/>
</testsuite> <!-- com.web.tests.webtestcases.ifusion.HealthCheckTracert -->
