<?xml version="1.0" encoding="UTF-8"?>
<!-- Generated by org.testng.reporters.JUnitReportReporter -->
<testsuite name="com.web.tests.webtestcases.ifusion.Rallyhoodtestcases" tests="28" time="1050.335" ignored="0" failures="0" timestamp="27 Nov 2017 12:52:12 GMT" skipped="0" hostname="IM-LP-322" errors="0">
  <testcase name="RallyhoodTC_11" time="30.630" classname="com.web.tests.webtestcases.ifusion.Rallyhoodtestcases"/>
  <testcase name="RallyhoodTC_28" time="76.664" classname="com.web.tests.webtestcases.ifusion.Rallyhoodtestcases"/>
  <testcase name="RallyhoodTC_22" time="45.611" classname="com.web.tests.webtestcases.ifusion.Rallyhoodtestcases"/>
  <testcase name="RallyhoodTC_05" time="39.089" classname="com.web.tests.webtestcases.ifusion.Rallyhoodtestcases"/>
  <testcase name="RallyhoodTC_01" time="38.850" classname="com.web.tests.webtestcases.ifusion.Rallyhoodtestcases"/>
  <testcase name="RallyhoodTC_23" time="34.369" classname="com.web.tests.webtestcases.ifusion.Rallyhoodtestcases"/>
  <testcase name="RallyhoodTC_13" time="59.337" classname="com.web.tests.webtestcases.ifusion.Rallyhoodtestcases"/>
  <testcase name="RallyhoodTC_12" time="12.802" classname="com.web.tests.webtestcases.ifusion.Rallyhoodtestcases"/>
  <testcase name="RallyhoodTC_38" time="22.549" classname="com.web.tests.webtestcases.ifusion.Rallyhoodtestcases"/>
  <testcase name="RallyhoodTC_02" time="18.946" classname="com.web.tests.webtestcases.ifusion.Rallyhoodtestcases"/>
  <testcase name="RallyhoodTC_08" time="37.451" classname="com.web.tests.webtestcases.ifusion.Rallyhoodtestcases"/>
  <testcase name="RallyhoodTC_27" time="78.233" classname="com.web.tests.webtestcases.ifusion.Rallyhoodtestcases"/>
  <testcase name="RallyhoodTC_03" time="18.824" classname="com.web.tests.webtestcases.ifusion.Rallyhoodtestcases"/>
  <testcase name="RallyhoodTC_07" time="23.342" classname="com.web.tests.webtestcases.ifusion.Rallyhoodtestcases"/>
  <testcase name="RallyhoodTC_09" time="38.086" classname="com.web.tests.webtestcases.ifusion.Rallyhoodtestcases"/>
  <testcase name="RallyhoodTC_14" time="7.273" classname="com.web.tests.webtestcases.ifusion.Rallyhoodtestcases"/>
  <testcase name="RallyhoodTC_15" time="11.684" classname="com.web.tests.webtestcases.ifusion.Rallyhoodtestcases"/>
  <testcase name="RallyhoodTC_24" time="11.004" classname="com.web.tests.webtestcases.ifusion.Rallyhoodtestcases"/>
  <testcase name="RallyhoodTC_16" time="12.938" classname="com.web.tests.webtestcases.ifusion.Rallyhoodtestcases"/>
  <testcase name="RallyhoodTC_37" time="111.062" classname="com.web.tests.webtestcases.ifusion.Rallyhoodtestcases"/>
  <testcase name="RallyhoodTC_06" time="10.892" classname="com.web.tests.webtestcases.ifusion.Rallyhoodtestcases"/>
  <testcase name="RallyhoodTC_10" time="32.930" classname="com.web.tests.webtestcases.ifusion.Rallyhoodtestcases"/>
  <testcase name="RallyhoodTC_26" time="51.755" classname="com.web.tests.webtestcases.ifusion.Rallyhoodtestcases"/>
  <testcase name="RallyhoodTC_32" time="48.210" classname="com.web.tests.webtestcases.ifusion.Rallyhoodtestcases"/>
  <testcase name="RallyhoodTC_25" time="6.791" classname="com.web.tests.webtestcases.ifusion.Rallyhoodtestcases"/>
  <testcase name="RallyhoodTC_29" time="73.422" classname="com.web.tests.webtestcases.ifusion.Rallyhoodtestcases"/>
  <testcase name="RallyhoodTC_31" time="28.187" classname="com.web.tests.webtestcases.ifusion.Rallyhoodtestcases"/>
  <testcase name="RallyhoodTC_30" time="69.404" classname="com.web.tests.webtestcases.ifusion.Rallyhoodtestcases"/>
</testsuite> <!-- com.web.tests.webtestcases.ifusion.Rallyhoodtestcases -->
