<?xml version="1.0" encoding="UTF-8"?>
<!-- Generated by org.testng.reporters.JUnitReportReporter -->
<testsuite name="com.web.tests.webtestcases.ifusion.PyScriptExecutor" tests="1" time="22.712" ignored="0" failures="0" timestamp="26 Oct 2017 06:07:56 GMT" skipped="0" hostname="IM-LP-719" errors="0">
  <testcase name="runScript" time="22.712" classname="com.web.tests.webtestcases.ifusion.PyScriptExecutor"/>
</testsuite> <!-- com.web.tests.webtestcases.ifusion.PyScriptExecutor -->
